mode: set
github.com/hemzaz/lsweb/cmd/lsweb/main.go:16.13,35.18 16 0
github.com/hemzaz/lsweb/cmd/lsweb/main.go:35.18,38.3 2 0
github.com/hemzaz/lsweb/cmd/lsweb/main.go:41.2,48.39 5 0
github.com/hemzaz/lsweb/cmd/lsweb/main.go:48.39,50.3 1 0
github.com/hemzaz/lsweb/cmd/lsweb/main.go:53.2,58.20 4 0
github.com/hemzaz/lsweb/cmd/lsweb/main.go:58.20,59.14 1 0
github.com/hemzaz/lsweb/cmd/lsweb/main.go:59.14,61.18 2 0
github.com/hemzaz/lsweb/cmd/lsweb/main.go:61.18,63.5 1 0
github.com/hemzaz/lsweb/cmd/lsweb/main.go:64.9,66.18 2 0
github.com/hemzaz/lsweb/cmd/lsweb/main.go:66.18,68.5 1 0
github.com/hemzaz/lsweb/cmd/lsweb/main.go:70.8,70.28 1 0
github.com/hemzaz/lsweb/cmd/lsweb/main.go:70.28,72.17 2 0
github.com/hemzaz/lsweb/cmd/lsweb/main.go:72.17,74.4 1 0
github.com/hemzaz/lsweb/cmd/lsweb/main.go:78.2,78.23 1 0
github.com/hemzaz/lsweb/cmd/lsweb/main.go:78.23,80.17 2 0
github.com/hemzaz/lsweb/cmd/lsweb/main.go:80.17,82.4 1 0
github.com/hemzaz/lsweb/cmd/lsweb/main.go:86.2,86.47 1 0
github.com/hemzaz/lsweb/cmd/lsweb/main.go:86.47,88.3 1 0
github.com/hemzaz/lsweb/cmd/lsweb/main.go:91.2,94.19 2 0
github.com/hemzaz/lsweb/cmd/lsweb/main.go:94.19,95.22 1 0
github.com/hemzaz/lsweb/cmd/lsweb/main.go:95.22,97.4 1 0
github.com/hemzaz/lsweb/cmd/lsweb/main.go:97.9,97.22 1 0
github.com/hemzaz/lsweb/cmd/lsweb/main.go:97.22,99.18 2 0
github.com/hemzaz/lsweb/cmd/lsweb/main.go:99.18,101.5 1 0
github.com/hemzaz/lsweb/cmd/lsweb/main.go:102.9,104.18 2 0
github.com/hemzaz/lsweb/cmd/lsweb/main.go:104.18,106.5 1 0
github.com/hemzaz/lsweb/cmd/lsweb/main.go:111.2,111.33 1 0
github.com/hemzaz/lsweb/cmd/lsweb/main.go:111.33,112.39 1 0
github.com/hemzaz/lsweb/cmd/lsweb/main.go:113.15,114.34 1 0
github.com/hemzaz/lsweb/cmd/lsweb/main.go:115.14,116.38 1 0
github.com/hemzaz/lsweb/cmd/lsweb/main.go:117.15,118.34 1 0
github.com/hemzaz/lsweb/cmd/lsweb/main.go:119.14,120.34 1 0
github.com/hemzaz/lsweb/cmd/lsweb/main.go:121.11,122.94 1 0
github.com/hemzaz/lsweb/pkg/downloader/downloader.go:34.40,36.2 1 1
github.com/hemzaz/lsweb/pkg/downloader/downloader.go:39.32,40.13 1 1
github.com/hemzaz/lsweb/pkg/downloader/downloader.go:40.13,42.3 1 1
github.com/hemzaz/lsweb/pkg/downloader/downloader.go:46.40,48.2 1 1
github.com/hemzaz/lsweb/pkg/downloader/downloader.go:59.77,62.16 2 1
github.com/hemzaz/lsweb/pkg/downloader/downloader.go:62.16,64.3 1 0
github.com/hemzaz/lsweb/pkg/downloader/downloader.go:67.2,68.24 2 1
github.com/hemzaz/lsweb/pkg/downloader/downloader.go:68.24,70.3 1 0
github.com/hemzaz/lsweb/pkg/downloader/downloader.go:72.2,92.16 9 1
github.com/hemzaz/lsweb/pkg/downloader/downloader.go:92.16,94.3 1 0
github.com/hemzaz/lsweb/pkg/downloader/downloader.go:97.2,101.16 4 1
github.com/hemzaz/lsweb/pkg/downloader/downloader.go:101.16,103.3 1 0
github.com/hemzaz/lsweb/pkg/downloader/downloader.go:104.2,107.79 2 1
github.com/hemzaz/lsweb/pkg/downloader/downloader.go:107.79,110.3 2 0
github.com/hemzaz/lsweb/pkg/downloader/downloader.go:113.2,113.38 1 1
github.com/hemzaz/lsweb/pkg/downloader/downloader.go:113.38,115.3 1 1
github.com/hemzaz/lsweb/pkg/downloader/downloader.go:118.2,119.16 2 0
github.com/hemzaz/lsweb/pkg/downloader/downloader.go:119.16,121.3 1 0
github.com/hemzaz/lsweb/pkg/downloader/downloader.go:123.2,132.56 2 0
github.com/hemzaz/lsweb/pkg/downloader/downloader.go:132.56,134.3 1 0
github.com/hemzaz/lsweb/pkg/downloader/downloader.go:136.2,137.35 2 0
github.com/hemzaz/lsweb/pkg/downloader/downloader.go:137.35,138.40 1 0
github.com/hemzaz/lsweb/pkg/downloader/downloader.go:138.40,140.4 1 0
github.com/hemzaz/lsweb/pkg/downloader/downloader.go:143.2,143.29 1 0
github.com/hemzaz/lsweb/pkg/downloader/downloader.go:143.29,145.3 1 0
github.com/hemzaz/lsweb/pkg/downloader/downloader.go:147.2,147.27 1 0
github.com/hemzaz/lsweb/pkg/downloader/downloader.go:155.73,164.16 4 1
github.com/hemzaz/lsweb/pkg/downloader/downloader.go:164.16,168.3 1 0
github.com/hemzaz/lsweb/pkg/downloader/downloader.go:171.2,172.16 2 1
github.com/hemzaz/lsweb/pkg/downloader/downloader.go:172.16,174.3 1 0
github.com/hemzaz/lsweb/pkg/downloader/downloader.go:177.2,180.16 3 1
github.com/hemzaz/lsweb/pkg/downloader/downloader.go:180.16,182.3 1 1
github.com/hemzaz/lsweb/pkg/downloader/downloader.go:183.2,183.15 1 1
github.com/hemzaz/lsweb/pkg/downloader/downloader.go:183.15,184.53 1 1
github.com/hemzaz/lsweb/pkg/downloader/downloader.go:184.53,186.4 1 0
github.com/hemzaz/lsweb/pkg/downloader/downloader.go:190.2,190.53 1 1
github.com/hemzaz/lsweb/pkg/downloader/downloader.go:190.53,192.3 1 0
github.com/hemzaz/lsweb/pkg/downloader/downloader.go:195.2,195.41 1 1
github.com/hemzaz/lsweb/pkg/downloader/downloader.go:195.41,197.3 1 0
github.com/hemzaz/lsweb/pkg/downloader/downloader.go:199.2,202.26 2 1
github.com/hemzaz/lsweb/pkg/downloader/downloader.go:202.26,203.46 1 1
github.com/hemzaz/lsweb/pkg/downloader/downloader.go:203.46,205.4 1 1
github.com/hemzaz/lsweb/pkg/downloader/downloader.go:209.2,210.16 2 1
github.com/hemzaz/lsweb/pkg/downloader/downloader.go:210.16,212.3 1 0
github.com/hemzaz/lsweb/pkg/downloader/downloader.go:213.2,213.15 1 1
github.com/hemzaz/lsweb/pkg/downloader/downloader.go:213.15,214.48 1 1
github.com/hemzaz/lsweb/pkg/downloader/downloader.go:214.48,216.4 1 0
github.com/hemzaz/lsweb/pkg/downloader/downloader.go:219.2,219.18 1 1
github.com/hemzaz/lsweb/pkg/downloader/downloader.go:219.18,225.3 2 0
github.com/hemzaz/lsweb/pkg/downloader/downloader.go:225.8,227.3 1 1
github.com/hemzaz/lsweb/pkg/downloader/downloader.go:229.2,229.16 1 1
github.com/hemzaz/lsweb/pkg/downloader/downloader.go:229.16,233.3 2 0
github.com/hemzaz/lsweb/pkg/downloader/downloader.go:235.2,235.12 1 1
github.com/hemzaz/lsweb/pkg/downloader/downloader.go:243.77,244.20 1 0
github.com/hemzaz/lsweb/pkg/downloader/downloader.go:244.20,246.3 1 0
github.com/hemzaz/lsweb/pkg/downloader/downloader.go:249.2,254.27 4 0
github.com/hemzaz/lsweb/pkg/downloader/downloader.go:254.27,256.10 1 0
github.com/hemzaz/lsweb/pkg/downloader/downloader.go:257.21,258.85 1 0
github.com/hemzaz/lsweb/pkg/downloader/downloader.go:259.11,259.11 0 0
github.com/hemzaz/lsweb/pkg/downloader/downloader.go:263.3,265.17 3 0
github.com/hemzaz/lsweb/pkg/downloader/downloader.go:265.17,269.4 2 0
github.com/hemzaz/lsweb/pkg/downloader/downloader.go:269.9,269.26 1 0
github.com/hemzaz/lsweb/pkg/downloader/downloader.go:269.26,272.4 1 0
github.com/hemzaz/lsweb/pkg/downloader/downloader.go:275.3,275.22 1 0
github.com/hemzaz/lsweb/pkg/downloader/downloader.go:275.22,277.4 1 0
github.com/hemzaz/lsweb/pkg/downloader/downloader.go:280.2,282.21 2 0
github.com/hemzaz/lsweb/pkg/downloader/downloader.go:282.21,284.3 1 0
github.com/hemzaz/lsweb/pkg/downloader/downloader.go:286.2,286.12 1 0
github.com/hemzaz/lsweb/pkg/downloader/downloader.go:294.91,295.20 1 0
github.com/hemzaz/lsweb/pkg/downloader/downloader.go:295.20,297.3 1 0
github.com/hemzaz/lsweb/pkg/downloader/downloader.go:300.2,310.27 6 0
github.com/hemzaz/lsweb/pkg/downloader/downloader.go:310.27,312.23 2 0
github.com/hemzaz/lsweb/pkg/downloader/downloader.go:312.23,315.17 2 0
github.com/hemzaz/lsweb/pkg/downloader/downloader.go:315.17,319.5 2 0
github.com/hemzaz/lsweb/pkg/downloader/downloader.go:322.4,326.28 3 0
github.com/hemzaz/lsweb/pkg/downloader/downloader.go:326.28,327.48 1 0
github.com/hemzaz/lsweb/pkg/downloader/downloader.go:327.48,329.24 1 0
github.com/hemzaz/lsweb/pkg/downloader/downloader.go:329.24,331.57 2 0
github.com/hemzaz/lsweb/pkg/downloader/downloader.go:331.57,333.13 2 0
github.com/hemzaz/lsweb/pkg/downloader/downloader.go:338.4,344.18 3 0
github.com/hemzaz/lsweb/pkg/downloader/downloader.go:344.18,348.5 1 0
github.com/hemzaz/lsweb/pkg/downloader/downloader.go:351.4,354.18 4 0
github.com/hemzaz/lsweb/pkg/downloader/downloader.go:354.18,357.5 2 0
github.com/hemzaz/lsweb/pkg/downloader/downloader.go:360.4,363.18 3 0
github.com/hemzaz/lsweb/pkg/downloader/downloader.go:363.18,366.5 2 0
github.com/hemzaz/lsweb/pkg/downloader/downloader.go:367.4,367.17 1 0
github.com/hemzaz/lsweb/pkg/downloader/downloader.go:367.17,368.55 1 0
github.com/hemzaz/lsweb/pkg/downloader/downloader.go:368.55,370.6 1 0
github.com/hemzaz/lsweb/pkg/downloader/downloader.go:374.4,374.55 1 0
github.com/hemzaz/lsweb/pkg/downloader/downloader.go:374.55,377.5 2 0
github.com/hemzaz/lsweb/pkg/downloader/downloader.go:379.4,380.18 2 0
github.com/hemzaz/lsweb/pkg/downloader/downloader.go:380.18,383.5 2 0
github.com/hemzaz/lsweb/pkg/downloader/downloader.go:384.4,384.17 1 0
github.com/hemzaz/lsweb/pkg/downloader/downloader.go:384.17,385.50 1 0
github.com/hemzaz/lsweb/pkg/downloader/downloader.go:385.50,387.6 1 0
github.com/hemzaz/lsweb/pkg/downloader/downloader.go:390.4,390.20 1 0
github.com/hemzaz/lsweb/pkg/downloader/downloader.go:390.20,396.5 2 0
github.com/hemzaz/lsweb/pkg/downloader/downloader.go:396.10,398.5 1 0
github.com/hemzaz/lsweb/pkg/downloader/downloader.go:399.4,399.18 1 0
github.com/hemzaz/lsweb/pkg/downloader/downloader.go:399.18,403.5 2 0
github.com/hemzaz/lsweb/pkg/downloader/downloader.go:408.2,413.29 4 0
github.com/hemzaz/lsweb/pkg/downloader/downloader.go:413.29,415.3 1 0
github.com/hemzaz/lsweb/pkg/downloader/downloader.go:417.2,417.29 1 0
github.com/hemzaz/lsweb/pkg/downloader/downloader.go:417.29,422.3 1 0
github.com/hemzaz/lsweb/pkg/downloader/downloader.go:424.2,424.12 1 0
github.com/hemzaz/lsweb/pkg/parser/parser.go:26.79,31.16 2 0
github.com/hemzaz/lsweb/pkg/parser/parser.go:31.16,35.3 1 0
github.com/hemzaz/lsweb/pkg/parser/parser.go:38.2,43.16 4 0
github.com/hemzaz/lsweb/pkg/parser/parser.go:43.16,45.3 1 0
github.com/hemzaz/lsweb/pkg/parser/parser.go:48.2,51.16 3 0
github.com/hemzaz/lsweb/pkg/parser/parser.go:51.16,53.3 1 0
github.com/hemzaz/lsweb/pkg/parser/parser.go:54.2,54.15 1 0
github.com/hemzaz/lsweb/pkg/parser/parser.go:54.15,55.53 1 0
github.com/hemzaz/lsweb/pkg/parser/parser.go:55.53,57.4 1 0
github.com/hemzaz/lsweb/pkg/parser/parser.go:60.2,60.38 1 0
github.com/hemzaz/lsweb/pkg/parser/parser.go:60.38,62.3 1 0
github.com/hemzaz/lsweb/pkg/parser/parser.go:65.2,69.46 2 0
github.com/hemzaz/lsweb/pkg/parser/parser.go:69.46,71.3 1 0
github.com/hemzaz/lsweb/pkg/parser/parser.go:74.2,75.16 2 0
github.com/hemzaz/lsweb/pkg/parser/parser.go:75.16,77.3 1 0
github.com/hemzaz/lsweb/pkg/parser/parser.go:80.2,82.55 2 0
github.com/hemzaz/lsweb/pkg/parser/parser.go:82.55,85.62 2 0
github.com/hemzaz/lsweb/pkg/parser/parser.go:85.62,87.4 1 0
github.com/hemzaz/lsweb/pkg/parser/parser.go:88.3,88.41 1 0
github.com/hemzaz/lsweb/pkg/parser/parser.go:89.8,95.17 3 0
github.com/hemzaz/lsweb/pkg/parser/parser.go:95.17,97.4 1 0
github.com/hemzaz/lsweb/pkg/parser/parser.go:100.3,103.29 3 0
github.com/hemzaz/lsweb/pkg/parser/parser.go:103.29,106.4 1 0
github.com/hemzaz/lsweb/pkg/parser/parser.go:110.2,112.19 2 0
github.com/hemzaz/lsweb/pkg/parser/parser.go:116.82,125.32 5 1
github.com/hemzaz/lsweb/pkg/parser/parser.go:125.32,126.50 1 1
github.com/hemzaz/lsweb/pkg/parser/parser.go:126.50,127.29 1 1
github.com/hemzaz/lsweb/pkg/parser/parser.go:127.29,128.24 1 1
github.com/hemzaz/lsweb/pkg/parser/parser.go:128.24,131.20 2 1
github.com/hemzaz/lsweb/pkg/parser/parser.go:131.20,133.15 2 0
github.com/hemzaz/lsweb/pkg/parser/parser.go:136.6,142.38 3 1
github.com/hemzaz/lsweb/pkg/parser/parser.go:142.38,143.15 1 1
github.com/hemzaz/lsweb/pkg/parser/parser.go:147.6,147.26 1 1
github.com/hemzaz/lsweb/pkg/parser/parser.go:147.26,150.7 2 1
github.com/hemzaz/lsweb/pkg/parser/parser.go:156.3,156.54 1 1
github.com/hemzaz/lsweb/pkg/parser/parser.go:156.54,158.4 1 1
github.com/hemzaz/lsweb/pkg/parser/parser.go:161.2,162.29 2 1
github.com/hemzaz/lsweb/pkg/parser/parser.go:166.54,176.32 5 1
github.com/hemzaz/lsweb/pkg/parser/parser.go:176.32,177.26 1 1
github.com/hemzaz/lsweb/pkg/parser/parser.go:178.31,179.30 1 1
github.com/hemzaz/lsweb/pkg/parser/parser.go:179.30,181.5 1 1
github.com/hemzaz/lsweb/pkg/parser/parser.go:182.22,183.29 1 1
github.com/hemzaz/lsweb/pkg/parser/parser.go:183.29,185.5 1 1
github.com/hemzaz/lsweb/pkg/parser/parser.go:186.15,188.35 1 1
github.com/hemzaz/lsweb/pkg/parser/parser.go:188.35,190.35 2 1
github.com/hemzaz/lsweb/pkg/parser/parser.go:190.35,191.25 1 1
github.com/hemzaz/lsweb/pkg/parser/parser.go:191.25,194.7 2 1
github.com/hemzaz/lsweb/pkg/parser/parser.go:200.2,201.14 2 1
github.com/hemzaz/lsweb/pkg/parser/parser.go:205.52,209.29 3 1
github.com/hemzaz/lsweb/pkg/parser/parser.go:209.29,210.18 1 1
github.com/hemzaz/lsweb/pkg/parser/parser.go:210.18,213.4 2 1
github.com/hemzaz/lsweb/pkg/parser/parser.go:216.2,216.15 1 1
github.com/hemzaz/lsweb/pkg/parser/parser.go:223.62,226.16 2 1
github.com/hemzaz/lsweb/pkg/parser/parser.go:226.16,228.3 1 1
github.com/hemzaz/lsweb/pkg/parser/parser.go:231.2,231.36 1 1
github.com/hemzaz/lsweb/pkg/parser/parser.go:231.36,233.3 1 0
github.com/hemzaz/lsweb/pkg/parser/parser.go:235.2,236.16 2 1
github.com/hemzaz/lsweb/pkg/parser/parser.go:236.16,238.3 1 0
github.com/hemzaz/lsweb/pkg/parser/parser.go:239.2,239.15 1 1
github.com/hemzaz/lsweb/pkg/parser/parser.go:239.15,240.48 1 1
github.com/hemzaz/lsweb/pkg/parser/parser.go:240.48,242.4 1 0
github.com/hemzaz/lsweb/pkg/parser/parser.go:246.2,248.33 3 1
github.com/hemzaz/lsweb/pkg/parser/parser.go:248.33,250.3 1 0
github.com/hemzaz/lsweb/pkg/parser/parser.go:253.2,254.16 2 1
github.com/hemzaz/lsweb/pkg/parser/parser.go:254.16,256.3 1 0
github.com/hemzaz/lsweb/pkg/parser/parser.go:259.2,263.16 3 1
github.com/hemzaz/lsweb/pkg/parser/parser.go:263.16,265.3 1 0
github.com/hemzaz/lsweb/pkg/parser/parser.go:267.2,270.48 2 1
github.com/hemzaz/lsweb/pkg/parser/parser.go:270.48,273.17 2 1
github.com/hemzaz/lsweb/pkg/parser/parser.go:273.17,275.4 1 0
github.com/hemzaz/lsweb/pkg/parser/parser.go:278.3,281.48 2 1
github.com/hemzaz/lsweb/pkg/parser/parser.go:283.8,283.62 1 0
github.com/hemzaz/lsweb/pkg/parser/parser.go:283.62,286.60 2 0
github.com/hemzaz/lsweb/pkg/parser/parser.go:286.60,288.4 1 0
github.com/hemzaz/lsweb/pkg/parser/parser.go:291.3,291.41 1 0
github.com/hemzaz/lsweb/pkg/parser/parser.go:293.8,293.56 1 0
github.com/hemzaz/lsweb/pkg/parser/parser.go:293.56,300.33 4 0
github.com/hemzaz/lsweb/pkg/parser/parser.go:300.33,301.20 1 0
github.com/hemzaz/lsweb/pkg/parser/parser.go:301.20,304.5 2 0
github.com/hemzaz/lsweb/pkg/parser/parser.go:306.8,308.3 1 0
github.com/hemzaz/lsweb/pkg/parser/parser.go:310.2,310.19 1 1
github.com/hemzaz/lsweb/pkg/parser/parser.go:316.73,318.16 2 1
github.com/hemzaz/lsweb/pkg/parser/parser.go:318.16,320.3 1 1
github.com/hemzaz/lsweb/pkg/parser/parser.go:322.2,323.29 2 1
github.com/hemzaz/lsweb/pkg/parser/parser.go:323.29,324.27 1 1
github.com/hemzaz/lsweb/pkg/parser/parser.go:324.27,326.4 1 1
github.com/hemzaz/lsweb/pkg/parser/parser.go:329.2,329.27 1 1
github.com/hemzaz/lsweb/pkg/parser/parser.go:334.39,336.16 2 1
github.com/hemzaz/lsweb/pkg/parser/parser.go:336.16,339.3 2 0
github.com/hemzaz/lsweb/pkg/parser/parser.go:340.2,340.27 1 1
github.com/hemzaz/lsweb/pkg/parser/parser.go:345.43,346.29 1 0
github.com/hemzaz/lsweb/pkg/parser/parser.go:346.29,348.3 1 0
github.com/hemzaz/lsweb/pkg/parser/parser.go:353.39,355.29 2 0
github.com/hemzaz/lsweb/pkg/parser/parser.go:355.29,357.3 1 0
github.com/hemzaz/lsweb/pkg/parser/parser.go:358.2,358.22 1 0
github.com/hemzaz/lsweb/pkg/parser/parser.go:363.39,364.29 1 1
github.com/hemzaz/lsweb/pkg/parser/parser.go:364.29,366.3 1 1
